--- forcing DTR inactive
--- forcing RTS inactive
Esp32ExceptionDecoder: disabling, exception while looking for addr2line: Processing esp32-c3-devkitc-02 (board: esp32-c3-devkitc-02; platform: espressif32@6.5.0; framework: arduino)
--------------------------------------------------------------------------------
Verbose mode can be enabled via `-v, --verbose` option
CONFIGURATION: https://docs.platformio.org/page/boards/espressif32/esp32-c3-devkitc-02.html
PLATFORM: Espressif 32 (6.5.0) > Espressif ESP32-C3-DevKitC-02
HARDWARE: ESP32C3 160MHz, 320KB RAM, 4MB Flash
DEBUG: Current (cmsis-dap) External (cmsis-dap, esp-bridge, esp-builtin, esp-prog, iot-bus-jtag, jlink, minimodule, olimex-arm-usb-ocd, olimex-arm-usb-ocd-h, olimex-arm-usb-tiny-h, olimex-jtag-tiny, tumpa)
PACKAGES: 
 - framework-arduinoespressif32 @ 3.20014.231204 (2.0.14) 
 - tool-esptoolpy @ 1.40501.0 (4.5.1) 
 - toolchain-riscv32-esp @ 8.4.0+2021r2-patch5
LDF: Library Dependency Finder -> https://bit.ly/configure-pio-ldf
LDF Modes: Finder ~ deep+, Compatibility ~ soft
Found 42 compatible libraries
Scanning dependencies...
========================== [FAILED] Took 5.56 seconds ==========================

Environment          Status    Duration
-------------------  --------  ------------
esp32-c3-devkitc-02  FAILED    00:00:05.562
==================== 1 failed, 0 succeeded in 00:00:05.562 ====================


Please build project in debug configuration to get more details about an exception.
See https://docs.platformio.org/page/projectconf/build_configurations.html


--- Terminal on COM6 | 115200 8-N-1
--- Available filters and text transformations: debug, default, direct, esp32_exception_decoder, hexlify, log2file, nocontrol, printable, send_on_enter, time
--- More details at https://bit.ly/pio-monitor-filters
--- Quit: Ctrl+C | Menu: Ctrl+T | Help: Ctrl+T followed by Ctrl+H
